# JRE version: Java(TM) SE Runtime Environment (20.0+36) (build 20+36-2344)
# Java VM: Java HotSpot(TM) 64-Bit Server VM (20+36-2344, mixed mode, emulated-client, sharing, tiered, compressed oops, compressed class ptrs, g1 gc, windows-amd64)
GC Precious Log:
 CardTable entry size: 512
 Card Set container configuration: InlinePtr #cards 5 size 8 Array Of Cards #cards 12 size 40 Howl #buckets 4 coarsen threshold 1843 Howl Bitmap #cards 512 size 80 coarsen threshold 460 Card regions per heap region 1 cards per card region 2048
 CPUs: 4 total, 4 available
 Memory: 7955M
 Large Page Support: Disabled
 NUMA Support: Disabled
 Compressed Oops: Enabled (32-bit)
 Heap Region Size: 1M
 Heap Min Capacity: 8M
 Heap Initial Capacity: 126M
 Heap Max Capacity: 1990M
 Pre-touch: Disabled
 Parallel Workers: 4
 Concurrent Workers: 1
 Concurrent Refinement Workers: 4
 Periodic GC: Disabled
Heap:
 garbage-first heap   total 61440K, used 45893K [0x0000000083a00000, 0x0000000100000000)
  region size 1024K, 20 young (20480K), 3 survivors (3072K)
 Metaspace       used 67492K, committed 68288K, reserved 1114112K
  class space    used 9556K, committed 9920K, reserved 1048576K
GC Heap History (20 events):
Event: 339.233 GC heap after
{Heap after GC invocations=23 (full 1):
 garbage-first heap   total 55296K, used 23222K [0x0000000083a00000, 0x0000000100000000)
  region size 1024K, 0 young (0K), 0 survivors (0K)
 Metaspace       used 66518K, committed 67328K, reserved 1114112K
  class space    used 9405K, committed 9792K, reserved 1048576K
}
Event: 340.807 GC heap before
{Heap before GC invocations=23 (full 1):
 garbage-first heap   total 55296K, used 46774K [0x0000000083a00000, 0x0000000100000000)
  region size 1024K, 24 young (24576K), 0 survivors (0K)
 Metaspace       used 66588K, committed 67328K, reserved 1114112K
  class space    used 9420K, committed 9792K, reserved 1048576K
}
Event: 340.810 GC heap after
{Heap after GC invocations=24 (full 1):
 garbage-first heap   total 55296K, used 26031K [0x0000000083a00000, 0x0000000100000000)
  region size 1024K, 3 young (3072K), 3 survivors (3072K)
 Metaspace       used 66588K, committed 67328K, reserved 1114112K
  class space    used 9420K, committed 9792K, reserved 1048576K
}
Event: 346.563 GC heap before
{Heap before GC invocations=24 (full 1):
 garbage-first heap   total 55296K, used 46511K [0x0000000083a00000, 0x0000000100000000)
  region size 1024K, 23 young (23552K), 3 survivors (3072K)
 Metaspace       used 66802K, committed 67456K, reserved 1114112K
  class space    used 9458K, committed 9792K, reserved 1048576K
}
Event: 346.569 GC heap after
{Heap after GC invocations=25 (full 1):
 garbage-first heap   total 55296K, used 28769K [0x0000000083a00000, 0x0000000100000000)
  region size 1024K, 3 young (3072K), 3 survivors (3072K)
 Metaspace       used 66802K, committed 67456K, reserved 1114112K
  class space    used 9458K, committed 9792K, reserved 1048576K
}
Event: 346.906 GC heap before
{Heap before GC invocations=25 (full 1):
 garbage-first heap   total 55296K, used 46177K [0x0000000083a00000, 0x0000000100000000)
  region size 1024K, 20 young (20480K), 3 survivors (3072K)
 Metaspace       used 66902K, committed 67584K, reserved 1114112K
  class space    used 9474K, committed 9792K, reserved 1048576K
}
Event: 346.912 GC heap after
{Heap after GC invocations=26 (full 1):
 garbage-first heap   total 55296K, used 30942K [0x0000000083a00000, 0x0000000100000000)
  region size 1024K, 3 young (3072K), 3 survivors (3072K)
 Metaspace       used 66902K, committed 67584K, reserved 1114112K
  class space    used 9474K, committed 9792K, reserved 1048576K
}
Event: 445.087 GC heap before
{Heap before GC invocations=27 (full 1):
 garbage-first heap   total 61440K, used 46302K [0x0000000083a00000, 0x0000000100000000)
  region size 1024K, 18 young (18432K), 3 survivors (3072K)
 Metaspace       used 66903K, committed 67584K, reserved 1114112K
  class space    used 9472K, committed 9792K, reserved 1048576K
}
Event: 445.092 GC heap after
{Heap after GC invocations=28 (full 1):
 garbage-first heap   total 61440K, used 33323K [0x0000000083a00000, 0x0000000100000000)
  region size 1024K, 3 young (3072K), 3 survivors (3072K)
 Metaspace       used 66903K, committed 67584K, reserved 1114112K
  class space    used 9472K, committed 9792K, reserved 1048576K
}
Event: 777.533 GC heap before
{Heap before GC invocations=28 (full 1):
 garbage-first heap   total 61440K, used 50731K [0x0000000083a00000, 0x0000000100000000)
  region size 1024K, 21 young (21504K), 3 survivors (3072K)
 Metaspace       used 67301K, committed 67968K, reserved 1114112K
  class space    used 9541K, committed 9856K, reserved 1048576K
}
Event: 777.536 GC heap after
{Heap after GC invocations=29 (full 1):
 garbage-first heap   total 61440K, used 33854K [0x0000000083a00000, 0x0000000100000000)
  region size 1024K, 1 young (1024K), 1 survivors (1024K)
 Metaspace       used 67301K, committed 67968K, reserved 1114112K
  class space    used 9541K, committed 9856K, reserved 1048576K
}
Event: 1767.592 GC heap before
{Heap before GC invocations=29 (full 1):
 garbage-first heap   total 61440K, used 53310K [0x0000000083a00000, 0x0000000100000000)
  region size 1024K, 20 young (20480K), 1 survivors (1024K)
 Metaspace       used 67301K, committed 67968K, reserved 1114112K
  class space    used 9541K, committed 9856K, reserved 1048576K
}
Event: 1767.596 GC heap after
{Heap after GC invocations=30 (full 1):
 garbage-first heap   total 61440K, used 33494K [0x0000000083a00000, 0x0000000100000000)
  region size 1024K, 1 young (1024K), 1 survivors (1024K)
 Metaspace       used 67301K, committed 67968K, reserved 1114112K
  class space    used 9541K, committed 9856K, reserved 1048576K
}
Event: 2023.440 GC heap before
{Heap before GC invocations=31 (full 1):
 garbage-first heap   total 61440K, used 38614K [0x0000000083a00000, 0x0000000100000000)
  region size 1024K, 7 young (7168K), 1 survivors (1024K)
 Metaspace       used 67100K, committed 67968K, reserved 1114112K
  class space    used 9490K, committed 9856K, reserved 1048576K
}
Event: 2023.513 GC heap after
{Heap after GC invocations=32 (full 2):
 garbage-first heap   total 61440K, used 23461K [0x0000000083a00000, 0x0000000100000000)
  region size 1024K, 0 young (0K), 0 survivors (0K)
 Metaspace       used 67081K, committed 67968K, reserved 1114112K
  class space    used 9485K, committed 9856K, reserved 1048576K
}
Event: 2024.671 GC heap before
{Heap before GC invocations=32 (full 2):
 garbage-first heap   total 61440K, used 51109K [0x0000000083a00000, 0x0000000100000000)
  region size 1024K, 27 young (27648K), 0 survivors (0K)
 Metaspace       used 67178K, committed 67968K, reserved 1114112K
  class space    used 9508K, committed 9856K, reserved 1048576K
}
Event: 2024.677 GC heap after
{Heap after GC invocations=33 (full 2):
 garbage-first heap   total 61440K, used 26696K [0x0000000083a00000, 0x0000000100000000)
  region size 1024K, 4 young (4096K), 4 survivors (4096K)
 Metaspace       used 67178K, committed 67968K, reserved 1114112K
  class space    used 9508K, committed 9856K, reserved 1048576K
}
Event: 2039.272 GC heap before
{Heap before GC invocations=34 (full 2):
 garbage-first heap   total 61440K, used 50248K [0x0000000083a00000, 0x0000000100000000)
  region size 1024K, 28 young (28672K), 4 survivors (4096K)
 Metaspace       used 67397K, committed 68096K, reserved 1114112K
  class space    used 9535K, committed 9856K, reserved 1048576K
}
Event: 2039.285 GC heap after
{Heap after GC invocations=35 (full 2):
 garbage-first heap   total 61440K, used 29509K [0x0000000083a00000, 0x0000000100000000)
  region size 1024K, 3 young (3072K), 3 survivors (3072K)
 Metaspace       used 67397K, committed 68096K, reserved 1114112K
  class space    used 9535K, committed 9856K, reserved 1048576K
}
Event: 2042.926 GC heap before
{Heap before GC invocations=35 (full 2):
 garbage-first heap   total 61440K, used 45893K [0x0000000083a00000, 0x0000000100000000)
  region size 1024K, 20 young (20480K), 3 survivors (3072K)
 Metaspace       used 67492K, committed 68288K, reserved 1114112K
  class space    used 9556K, committed 9920K, reserved 1048576K
}

